  stdafx.cpp
  WildResourceSim.cpp
c:\users\nathan.elrod.bentley\documents\visual studio 2015\projects\worldsimulation\wildresourcesim\Nature.h(58): warning C4244: 'initializing': conversion from 'int' to 'float', possible loss of data
c:\users\nathan.elrod.bentley\documents\visual studio 2015\projects\worldsimulation\wildresourcesim\Tile.h(96): warning C4244: '+=': conversion from 'float' to 'int', possible loss of data
c:\users\nathan.elrod.bentley\documents\visual studio 2015\projects\worldsimulation\wildresourcesim\Tile.h(97): warning C4244: '+=': conversion from 'double' to 'int', possible loss of data
c:\users\nathan.elrod.bentley\documents\visual studio 2015\projects\worldsimulation\wildresourcesim\Tile.h(103): warning C4244: 'initializing': conversion from 'double' to 'int', possible loss of data
c:\users\nathan.elrod.bentley\documents\visual studio 2015\projects\worldsimulation\wildresourcesim\Tile.h(104): warning C4244: '+=': conversion from 'float' to 'int', possible loss of data
c:\users\nathan.elrod.bentley\documents\visual studio 2015\projects\worldsimulation\wildresourcesim\Tile.h(105): warning C4244: '-=': conversion from 'float' to 'int', possible loss of data
c:\users\nathan.elrod.bentley\documents\visual studio 2015\projects\worldsimulation\wildresourcesim\Tile.h(111): warning C4244: '+=': conversion from 'double' to 'int', possible loss of data
c:\users\nathan.elrod.bentley\documents\visual studio 2015\projects\worldsimulation\wildresourcesim\Tile.h(112): warning C4244: '+=': conversion from 'double' to 'int', possible loss of data
c:\users\nathan.elrod.bentley\documents\visual studio 2015\projects\worldsimulation\wildresourcesim\Tile.h(115): warning C4244: 'argument': conversion from 'double' to 'int', possible loss of data
c:\users\nathan.elrod.bentley\documents\visual studio 2015\projects\worldsimulation\wildresourcesim\Tile.h(120): warning C4244: 'initializing': conversion from 'float' to 'int', possible loss of data
c:\users\nathan.elrod.bentley\documents\visual studio 2015\projects\worldsimulation\wildresourcesim\Tile.h(121): warning C4244: '+=': conversion from 'double' to 'float', possible loss of data
c:\users\nathan.elrod.bentley\documents\visual studio 2015\projects\worldsimulation\wildresourcesim\Tile.h(127): warning C4244: 'initializing': conversion from 'float' to 'int', possible loss of data
c:\users\nathan.elrod.bentley\documents\visual studio 2015\projects\worldsimulation\wildresourcesim\Tile.h(129): warning C4244: '=': conversion from 'const double' to 'int', possible loss of data
c:\users\nathan.elrod.bentley\documents\visual studio 2015\projects\worldsimulation\wildresourcesim\Tile.h(134): warning C4244: 'initializing': conversion from 'float' to 'int', possible loss of data
c:\users\nathan.elrod.bentley\documents\visual studio 2015\projects\worldsimulation\wildresourcesim\Tile.h(141): warning C4244: '+=': conversion from 'float' to 'int', possible loss of data
c:\users\nathan.elrod.bentley\documents\visual studio 2015\projects\worldsimulation\wildresourcesim\Tile.h(142): warning C4244: '+=': conversion from 'double' to 'int', possible loss of data
c:\users\nathan.elrod.bentley\documents\visual studio 2015\projects\worldsimulation\wildresourcesim\Tile.h(169): warning C4244: 'return': conversion from 'double' to 'int', possible loss of data
c:\users\nathan.elrod.bentley\documents\visual studio 2015\projects\worldsimulation\wildresourcesim\Tile.h(392): warning C4018: '<': signed/unsigned mismatch
c:\users\nathan.elrod.bentley\documents\visual studio 2015\projects\worldsimulation\wildresourcesim\BaseWorld.h(22): warning C4244: '=': conversion from 'double' to 'int', possible loss of data
c:\users\nathan.elrod.bentley\documents\visual studio 2015\projects\worldsimulation\wildresourcesim\BaseWorld.h(83): warning C4800: 'int': forcing value to bool 'true' or 'false' (performance warning)
c:\users\nathan.elrod.bentley\documents\visual studio 2015\projects\worldsimulation\wildresourcesim\BaseWorld.h(170): warning C4018: '<': signed/unsigned mismatch
c:\users\nathan.elrod.bentley\documents\visual studio 2015\projects\worldsimulation\wildresourcesim\BaseWorld.h(172): warning C4018: '<': signed/unsigned mismatch
  Generating code
  All 0 functions were compiled because no usable IPDB/IOBJ from previous compilation was found.
  Finished generating code
  WildResourceSim.vcxproj -> C:\Users\Nathan.Elrod.BENTLEY\documents\visual studio 2015\Projects\WorldSimulation\Release\WildResourceSim.dll
  WildResourceSim.vcxproj -> C:\Users\Nathan.Elrod.BENTLEY\documents\visual studio 2015\Projects\WorldSimulation\Release\WildResourceSim.pdb (Full PDB)
