C:\Program Files (x86)\MSBuild\Microsoft.Cpp\v4.0\V140\Microsoft.CppClean.targets(76,5): warning : Access to the path 'c:\users\nathan.elrod.bentley\documents\visual studio 2015\projects\worldsimulation\debug\wildresourcesim.exe' is denied.
  stdafx.cpp
  WildResourceSim.cpp
c:\users\nathan.elrod.bentley\documents\visual studio 2015\projects\worldsimulation\wildresourcesim\nature.h(58): warning C4244: 'initializing': conversion from 'int' to 'float', possible loss of data
c:\users\nathan.elrod.bentley\documents\visual studio 2015\projects\worldsimulation\wildresourcesim\tile.h(96): warning C4244: '+=': conversion from 'float' to 'int', possible loss of data
c:\users\nathan.elrod.bentley\documents\visual studio 2015\projects\worldsimulation\wildresourcesim\tile.h(97): warning C4244: '+=': conversion from 'double' to 'int', possible loss of data
c:\users\nathan.elrod.bentley\documents\visual studio 2015\projects\worldsimulation\wildresourcesim\tile.h(103): warning C4244: 'initializing': conversion from 'double' to 'int', possible loss of data
c:\users\nathan.elrod.bentley\documents\visual studio 2015\projects\worldsimulation\wildresourcesim\tile.h(104): warning C4244: '+=': conversion from 'float' to 'int', possible loss of data
c:\users\nathan.elrod.bentley\documents\visual studio 2015\projects\worldsimulation\wildresourcesim\tile.h(105): warning C4244: '-=': conversion from 'float' to 'int', possible loss of data
c:\users\nathan.elrod.bentley\documents\visual studio 2015\projects\worldsimulation\wildresourcesim\tile.h(111): warning C4244: '+=': conversion from 'double' to 'int', possible loss of data
c:\users\nathan.elrod.bentley\documents\visual studio 2015\projects\worldsimulation\wildresourcesim\tile.h(112): warning C4244: '+=': conversion from 'double' to 'int', possible loss of data
c:\users\nathan.elrod.bentley\documents\visual studio 2015\projects\worldsimulation\wildresourcesim\tile.h(115): warning C4244: 'argument': conversion from 'double' to 'int', possible loss of data
c:\users\nathan.elrod.bentley\documents\visual studio 2015\projects\worldsimulation\wildresourcesim\tile.h(120): warning C4244: 'initializing': conversion from 'float' to 'int', possible loss of data
c:\users\nathan.elrod.bentley\documents\visual studio 2015\projects\worldsimulation\wildresourcesim\tile.h(121): warning C4244: '+=': conversion from 'double' to 'float', possible loss of data
c:\users\nathan.elrod.bentley\documents\visual studio 2015\projects\worldsimulation\wildresourcesim\tile.h(127): warning C4244: 'initializing': conversion from 'float' to 'int', possible loss of data
c:\users\nathan.elrod.bentley\documents\visual studio 2015\projects\worldsimulation\wildresourcesim\tile.h(129): warning C4244: '=': conversion from 'const double' to 'int', possible loss of data
c:\users\nathan.elrod.bentley\documents\visual studio 2015\projects\worldsimulation\wildresourcesim\tile.h(134): warning C4244: 'initializing': conversion from 'float' to 'int', possible loss of data
c:\users\nathan.elrod.bentley\documents\visual studio 2015\projects\worldsimulation\wildresourcesim\tile.h(141): warning C4244: '+=': conversion from 'float' to 'int', possible loss of data
c:\users\nathan.elrod.bentley\documents\visual studio 2015\projects\worldsimulation\wildresourcesim\tile.h(142): warning C4244: '+=': conversion from 'double' to 'int', possible loss of data
c:\users\nathan.elrod.bentley\documents\visual studio 2015\projects\worldsimulation\wildresourcesim\tile.h(169): warning C4244: 'return': conversion from 'double' to 'int', possible loss of data
c:\users\nathan.elrod.bentley\documents\visual studio 2015\projects\worldsimulation\wildresourcesim\tile.h(396): warning C4018: '<': signed/unsigned mismatch
c:\users\nathan.elrod.bentley\documents\visual studio 2015\projects\worldsimulation\wildresourcesim\baseworld.h(22): warning C4244: '=': conversion from 'double' to 'int', possible loss of data
c:\users\nathan.elrod.bentley\documents\visual studio 2015\projects\worldsimulation\wildresourcesim\baseworld.h(94): warning C4800: 'int': forcing value to bool 'true' or 'false' (performance warning)
c:\users\nathan.elrod.bentley\documents\visual studio 2015\projects\worldsimulation\wildresourcesim\baseworld.h(186): warning C4018: '<': signed/unsigned mismatch
c:\users\nathan.elrod.bentley\documents\visual studio 2015\projects\worldsimulation\wildresourcesim\baseworld.h(188): warning C4018: '>': signed/unsigned mismatch
c:\users\nathan.elrod.bentley\documents\visual studio 2015\projects\worldsimulation\wildresourcesim\baseworld.h(189): warning C4018: '<': signed/unsigned mismatch
c:\users\nathan.elrod.bentley\documents\visual studio 2015\projects\worldsimulation\wildresourcesim\baseworld.h(191): warning C4018: '>': signed/unsigned mismatch
c:\users\nathan.elrod.bentley\documents\visual studio 2015\projects\worldsimulation\wildresourcesim\wildresourcesim.cpp(26): warning C4244: 'argument': conversion from 'float' to 'int', possible loss of data
c:\users\nathan.elrod.bentley\documents\visual studio 2015\projects\worldsimulation\wildresourcesim\wildresourcesim.cpp(27): warning C4244: 'argument': conversion from 'float' to 'int', possible loss of data
c:\users\nathan.elrod.bentley\documents\visual studio 2015\projects\worldsimulation\wildresourcesim\wildresourcesim.cpp(28): warning C4244: 'argument': conversion from 'float' to 'int', possible loss of data
c:\users\nathan.elrod.bentley\documents\visual studio 2015\projects\worldsimulation\wildresourcesim\wildresourcesim.cpp(29): warning C4244: 'argument': conversion from 'float' to 'int', possible loss of data
c:\users\nathan.elrod.bentley\documents\visual studio 2015\projects\worldsimulation\wildresourcesim\wildresourcesim.cpp(63): warning C4244: 'initializing': conversion from 'double' to 'float', possible loss of data
LINK : fatal error LNK1104: cannot open file 'C:\Users\Nathan.Elrod.BENTLEY\documents\visual studio 2015\Projects\WorldSimulation\Debug\WildResourceSim.exe'
